<?xml version="1.0" encoding="UTF-8"?>
<!-- Generated by org.testng.reporters.JUnitReportReporter -->
<testsuite hostname="Gowtham" failures="0" tests="1" name="base.Demo" time="6.007" errors="0" timestamp="2025-03-14T10:02:16 IST" skipped="0">
  <testcase classname="base.Demo" name="test1" time="6.007"/>
  <system-out/>
</testsuite> <!-- base.Demo -->
