<?xml version="1.0" encoding="UTF-8"?>
<!-- Generated by org.testng.reporters.JUnitReportReporter -->
<testsuite hostname="Gowtham" failures="0" tests="1" name="org.testngtest.AssertandsoftAssert" time="5.273" errors="0" timestamp="2025-03-11T14:36:41 IST" skipped="0">
  <testcase classname="org.testngtest.AssertandsoftAssert" name="test1" time="5.273"/>
</testsuite> <!-- org.testngtest.AssertandsoftAssert -->
