<?xml version="1.0" encoding="UTF-8"?>
<!-- Generated by org.testng.reporters.JUnitReportReporter -->
<testsuite hostname="Gowtham" failures="0" tests="2" name="org.testngtest.Groupsclass" time="0.018" errors="0" timestamp="2025-03-11T14:56:35 IST" skipped="0">
  <testcase classname="org.testngtest.Groupsclass" name="test2" time="0.013"/>
  <testcase classname="org.testngtest.Groupsclass" name="test4" time="0.005"/>
</testsuite> <!-- org.testngtest.Groupsclass -->
