<?xml version="1.0" encoding="UTF-8"?>
<!-- Generated by org.testng.reporters.JUnitReportReporter -->
<testsuite hostname="Gowtham" failures="0" tests="2" name="org.testngtest.CrossBrowser" time="17.682" errors="0" timestamp="2025-03-11T18:16:44 IST" skipped="0">
  <testcase classname="org.testngtest.CrossBrowser" name="launch" time="6.721"/>
  <testcase classname="org.testngtest.CrossBrowser" name="launch" time="10.961"/>
</testsuite> <!-- org.testngtest.CrossBrowser -->
