<?xml version="1.0" encoding="UTF-8"?>
<!-- Generated by org.testng.reporters.JUnitReportReporter -->
<testsuite hostname="Gowtham" failures="0" tests="3" name="org.pages.TC_1_Login" time="13.810" errors="0" timestamp="2025-03-12T13:37:40 IST" skipped="0">
  <testcase classname="org.pages.TC_1_Login" name="loginTest" time="5.410"/>
  <testcase classname="org.pages.TC_1_Login" name="loginTest" time="4.228"/>
  <testcase classname="org.pages.TC_1_Login" name="loginTest" time="4.172"/>
</testsuite> <!-- org.pages.TC_1_Login -->
