<?xml version="1.0" encoding="UTF-8"?>
<!-- Generated by org.testng.reporters.JUnitReportReporter -->
<testsuite hostname="Gowtham" failures="0" tests="2" name="org.testngtest.Paralleltest" time="14.726" errors="0" timestamp="2025-03-11T18:31:01 IST" skipped="0">
  <testcase classname="org.testngtest.Paralleltest" name="fb" time="7.998"/>
  <testcase classname="org.testngtest.Paralleltest" name="amazon" time="6.728"/>
</testsuite> <!-- org.testngtest.Paralleltest -->
