<?xml version="1.0" encoding="UTF-8"?>
<!-- Generated by org.testng.reporters.JUnitReportReporter -->
<testsuite hostname="Gowtham" failures="0" tests="3" name="org.testngtest.Skipingtest" time="0.011" errors="0" timestamp="2025-03-11T15:10:51 IST" skipped="2">
  <testcase classname="org.testngtest.Skipingtest" name="test2" time="0.010">
    <skipped/>
  </testcase> <!-- test2 -->
  <testcase classname="org.testngtest.Skipingtest" name="test3" time="0.001"/>
  <testcase classname="org.testngtest.Skipingtest" name="test1">
    <skipped/>
  </testcase> <!-- test1 -->
</testsuite> <!-- org.testngtest.Skipingtest -->
