<?xml version="1.0" encoding="UTF-8"?>
<!-- Generated by org.testng.reporters.JUnitReportReporter -->
<testsuite hostname="Gowtham" failures="0" tests="1" name="org.common.WriteData" time="0.824" errors="0" timestamp="2025-03-12T11:39:44 IST" skipped="0">
  <testcase classname="org.common.WriteData" name="write" time="0.824"/>
</testsuite> <!-- org.common.WriteData -->
