<?xml version="1.0" encoding="UTF-8"?>
<!-- Generated by org.testng.reporters.JUnitReportReporter -->
<testsuite hostname="Gowtham" failures="0" tests="1" name="org.common.DataDrivenTest" time="1.041" errors="0" timestamp="2025-03-12T12:10:48 IST" skipped="0">
  <testcase classname="org.common.DataDrivenTest" name="test1" time="1.041"/>
</testsuite> <!-- org.common.DataDrivenTest -->
