<?xml version="1.0" encoding="UTF-8"?>
<!-- Generated by org.testng.reporters.JUnitReportReporter -->
<testsuite hostname="Gowtham" failures="0" tests="1" name="org.common.Write" time="0.985" errors="0" timestamp="2025-03-12T12:31:27 IST" skipped="0">
  <testcase classname="org.common.Write" name="wreiteData" time="0.985"/>
</testsuite> <!-- org.common.Write -->
