<?xml version="1.0" encoding="UTF-8"?>
<!-- Generated by org.testng.reporters.JUnitReportReporter -->
<testsuite hostname="Gowtham" failures="0" tests="4" name="org.testngtest.Demo" time="0.016" errors="0" timestamp="2025-03-11T14:36:41 IST" skipped="0">
  <testcase classname="org.testngtest.Demo" name="test2" time="0.008"/>
  <testcase classname="org.testngtest.Demo" name="test1" time="0.002"/>
  <testcase classname="org.testngtest.Demo" name="test1" time="0.003"/>
  <testcase classname="org.testngtest.Demo" name="test1" time="0.003"/>
</testsuite> <!-- org.testngtest.Demo -->
