<?xml version="1.0" encoding="UTF-8"?>
<!-- Generated by org.testng.reporters.JUnitReportReporter -->
<testsuite hostname="Gowtham" failures="0" tests="1" name="org.testngtest.Parametersclass" time="6.715" errors="0" timestamp="2025-03-11T15:48:13 IST" skipped="0">
  <testcase classname="org.testngtest.Parametersclass" name="test" time="6.715"/>
</testsuite> <!-- org.testngtest.Parametersclass -->
