<?xml version="1.0" encoding="UTF-8"?>
<!-- Generated by org.testng.reporters.JUnitReportReporter -->
<testsuite hostname="Gowtham" failures="0" tests="7" name="org.testngtest.Dataproviderclass" time="15.486" errors="0" timestamp="2025-03-11T15:28:56 IST" skipped="0">
  <testcase classname="org.testngtest.Dataproviderclass" name="test1" time="3.988"/>
  <testcase classname="org.testngtest.Dataproviderclass" name="test1" time="3.353"/>
  <testcase classname="org.testngtest.Dataproviderclass" name="test2" time="0.003"/>
  <testcase classname="org.testngtest.Dataproviderclass" name="test2" time="0.003"/>
  <testcase classname="org.testngtest.Dataproviderclass" name="test1" time="3.424"/>
  <testcase classname="org.testngtest.Dataproviderclass" name="test2" time="0.004"/>
  <testcase classname="org.testngtest.Dataproviderclass" name="test1" time="4.711"/>
</testsuite> <!-- org.testngtest.Dataproviderclass -->
