<?xml version="1.0" encoding="UTF-8"?>
<!-- Generated by org.testng.reporters.JUnitReportReporter -->
<testsuite hostname="Gowtham" failures="0" tests="1" name="org.testngtest.Class1" time="7.546" errors="0" timestamp="2025-03-11T18:37:47 IST" skipped="0">
  <testcase classname="org.testngtest.Class1" name="test1" time="7.546"/>
</testsuite> <!-- org.testngtest.Class1 -->
